
[VOC] Copyright 2025 Qipengfei. All rights reserved. Version 202X.XX XX. Email: qipengfei79@gmail.com

[VOC] <Flow1> 正在检查环境…

[VOC] <Flow1> 正在读取图片…

[VOC] <Flow1> 正在进行预测…

[VOC] <Flow1> 正在导出结果…

[VOC] Task finish in 0.8424s.


[VOC] Copyright 2025 Qipengfei. All rights reserved. Version 202X.XX XX. Email: qipengfei79@gmail.com

[VOC] <Flow1> 正在检查环境…

[VOC] <Flow1> 正在读取图片…

[VOC] <Flow1> 正在进行预测…

[VOC] Copyright 2025 Qipengfei. All rights reserved. Version 202X.XX XX. Email: qipengfei79@gmail.com

[VOC] <Flow1> 正在检查环境…

[VOC] <Flow1> 正在读取图片…

[VOC] <Flow1> 正在进行预测…

[VOC] <Flow1> 正在导出结果…

[VOC] Task finish in 0.7819s.


[VOC] Copyright 2025 Qipengfei. All rights reserved. Version 202X.XX XX. Email: qipengfei79@gmail.com

[VOC] <Flow1> 正在检查环境…

[VOC] <Flow1> 正在读取图片…

[VOC] <Flow1> 正在进行预测…

[VOC] Copyright 2025 Qipengfei. All rights reserved. Version 202X.XX XX. Email: qipengfei79@gmail.com

[VOC] <Flow1> 正在检查环境…

[VOC] <Flow1> 正在读取图片…

[VOC] <Flow1> 正在进行预测…

[VOC] <Flow1> 正在导出结果…

[VOC] Task finish in 0.9145s.


[VOC] Copyright 2025 Qipengfei. All rights reserved. Version 202X.XX XX. Email: qipengfei79@gmail.com

[VOC] <Flow1> 正在检查环境…

[VOC] <Flow1> 正在读取图片…

[VOC] <Flow1> 正在进行预测…

[VOC] <Flow1> 正在导出结果…

[VOC] Task finish in 0.9593s.


[VOC] Copyright 2025 Qipengfei. All rights reserved. Version 202X.XX XX. Email: qipengfei79@gmail.com

[VOC] <Flow1> 正在检查环境…

[VOC] <Flow1> 正在读取图片…

[VOC] <Flow1> 正在进行预测…

[VOC] <Flow1> 正在导出结果…

[VOC] Task finish in 0.7861s.


[VOC] Copyright 2025 Qipengfei. All rights reserved. Version 202X.XX XX. Email: qipengfei79@gmail.com

[VOC] <Flow1> 正在检查环境…

[VOC] <Flow1> 正在读取图片…

[VOC] <Flow1> 正在进行预测…

[VOC] <Flow1> 正在导出结果…

[VOC] Task finish in 0.7882s.

inputArgv: ['AFMain_server.py']
IP: 127.0.0.1, Port: 5000
inputArgv: ['AFMain_server.py']
IP: 127.0.0.1, Port: 5000

[VOC] Copyright 2025 Qipengfei. All rights reserved. Version 202X.XX XX. Email: qipengfei79@gmail.com
inputArgv: ['AFMain_server.py']
IP: 127.0.0.1, Port: 5000

[VOC] Copyright 2025 Qipengfei. All rights reserved. Version 202X.XX XX. Email: qipengfei79@gmail.com

[VOC] <Flow1> 正在检查环境…

[VOC] <Flow1> 正在读取图片…

[VOC] <Flow1> 正在进行预测…

[VOC] <Flow1> 正在导出结果…

[VOC] Task finish in 0.9118s.


[VOC] Copyright 2025 Qipengfei. All rights reserved. Version 202X.XX XX. Email: qipengfei79@gmail.com

[VOC] <Flow1> 正在检查环境…

[VOC] <Flow1> 正在读取图片…

[VOC] <Flow1> 正在进行预测…

[VOC] <Flow1> 正在导出结果…

[VOC] Task finish in 0.2576s.

inputArgv: ['AFMain_server.py']
IP: 127.0.0.1, Port: 5000

[VOC] Copyright 2025 Qipengfei. All rights reserved. Version 202X.XX XX. Email: qipengfei79@gmail.com

[VOC] <Flow1> 正在检查环境…

[VOC] <Flow1> 正在读取图片…

[VOC] <Flow1> 正在进行预测…

[VOC] Copyright 2025 Qipengfei. All rights reserved. Version 202X.XX XX. Email: qipengfei79@gmail.com

[VOC] <Flow1> 正在检查环境…

[VOC] <Flow1> 正在读取图片…

[VOC] <Flow1> 正在进行预测…

[VOC] Copyright 2025 Qipengfei. All rights reserved. Version 202X.XX XX. Email: qipengfei79@gmail.com

[VOC] <Flow1> 正在检查环境…

[VOC] <Flow1> 正在读取图片…

[VOC] <Flow1> 正在进行预测…

[VOC] <Flow1> 正在导出结果…

[VOC] Task finish in 0.9494s.


[VOC] Copyright 2025 Qipengfei. All rights reserved. Version 202X.XX XX. Email: qipengfei79@gmail.com

[VOC] <Flow1> 正在检查环境…

[VOC] <Flow1> 正在读取图片…

[VOC] <Flow1> 正在进行预测…

[VOC] <Flow1> 正在导出结果…

[VOC] Task finish in 1.1607s.


[VOC] Copyright 2025 Qipengfei. All rights reserved. Version 202X.XX XX. Email: qipengfei79@gmail.com

[VOC] <Flow1> 正在检查环境…

[VOC] <Flow1> 正在读取图片…

[VOC] <Flow1> 正在进行预测…

[VOC] <Flow1> 正在导出结果…

[VOC] Task finish in 0.9993s.


[VOC] Copyright 2025 Qipengfei. All rights reserved. Version 202X.XX XX. Email: qipengfei79@gmail.com

[VOC] <Flow1> 正在检查环境…

[VOC] <Flow1> 正在读取图片…

[VOC] <Flow1> 正在进行预测…

[VOC] <Flow1> 正在导出结果…

[VOC] Task finish in 1.0605s.


[VOC] Copyright 2025 Qipengfei. All rights reserved. Version 202X.XX XX. Email: qipengfei79@gmail.com

[VOC] <Flow1> 正在检查环境…

[VOC] <Flow1> 正在读取图片…

[VOC] <Flow1> 正在进行预测…

[VOC] <Flow1> 正在导出结果…

[VOC] Task finish in 1.0293s.


[VOC] Copyright 2025 Qipengfei. All rights reserved. Version 202X.XX XX. Email: qipengfei79@gmail.com

[VOC] <Flow1> 正在检查环境…

[VOC] <Flow1> 正在读取图片…

[VOC] <Flow1> 正在进行预测…

[VOC] <Flow1> 正在导出结果…

[VOC] Task finish in 1.0077s.


[VOC] Copyright 2025 Qipengfei. All rights reserved. Version 202X.XX XX. Email: qipengfei79@gmail.com

[VOC] <Flow1> 正在检查环境…

[VOC] <Flow1> 正在读取图片…

[VOC] <Flow1> 正在进行预测…

[VOC] <Flow1> 正在导出结果…

[VOC] Task finish in 1.1852s.


[VOC] Copyright 2025 Qipengfei. All rights reserved. Version 202X.XX XX. Email: qipengfei79@gmail.com

[VOC] <Flow1> 正在检查环境…

[VOC] <Flow1> 正在读取图片…

[VOC] <Flow1> 正在进行预测…

[VOC] <Flow1> 正在导出结果…

[VOC] Task finish in 1.1432s.


[VOC] Copyright 2025 Qipengfei. All rights reserved. Version 202X.XX XX. Email: qipengfei79@gmail.com

[VOC] <Flow1> 正在检查环境…

[VOC] <Flow1> 正在读取图片…

[VOC] <Flow1> 正在进行预测…

[VOC] <Flow1> 正在导出结果…

[VOC] Task finish in 1.3451s.

inputArgv: ['/Users/qipengfei/Desktop/深度学习_期末考试/AFMain_server.py']
IP: 127.0.0.1, Port: 5000
inputArgv: ['/Users/qipengfei/Desktop/深度学习_期末考试/AFMain_server.py']
IP: 127.0.0.1, Port: 5000
inputArgv: ['/Users/qipengfei/Desktop/深度学习_期末考试/AFMain_server.py']
IP: 127.0.0.1, Port: 5000
inputArgv: ['/Users/qipengfei/Desktop/深度学习_期末考试/AFMain_server.py']
IP: 127.0.0.1, Port: 5000

[VOC] Copyright 2025 Qipengfei. All rights reserved. Version 202X.XX XX. Email: qipengfei79@gmail.com

[VOC] <Flow1> 正在检查环境…

[VOC] <Flow1> 正在读取图片…

[VOC] <Flow1> 正在进行预测…

[VOC] <Flow1> 正在导出结果…

[VOC] Task finish in 1.2246s.

inputArgv: ['AFMain_server.py']
IP: 127.0.0.1, Port: 5000
inputArgv: ['AFMain_server.py']
IP: 127.0.0.1, Port: 5000
inputArgv: ['AFMain_server.py']
IP: 127.0.0.1, Port: 5000
